#
# There is insufficient memory for the Java Runtime Environment to continue.
# Native memory allocation (mmap) failed to map 171966464 bytes for committing reserved memory.
# Possible reasons:
#   The system is out of physical RAM or swap space
#   In 32 bit mode, the process size limit was hit
# Possible solutions:
#   Reduce memory load on the system
#   Increase physical memory or swap space
#   Check if swap backing store is full
#   Use 64 bit Java on a 64 bit OS
#   Decrease Java heap size (-Xmx/-Xms)
#   Decrease number of Java threads
#   Decrease Java thread stack sizes (-Xss)
#   Set larger code cache with -XX:ReservedCodeCacheSize=
# This output file may be truncated or incomplete.
#
#  Out of Memory Error (os_linux.cpp:2627), pid=17620, tid=140213192857344
#
# JRE version: Java(TM) SE Runtime Environment (8.0_91-b14) (build 1.8.0_91-b14)
# Java VM: Java HotSpot(TM) 64-Bit Server VM (25.91-b14 mixed mode linux-amd64 compressed oops)
# Failed to write core dump. Core dumps have been disabled. To enable core dumping, try "ulimit -c unlimited" before starting Java again
#

---------------  T H R E A D  ---------------

Current thread (0x00007f8600073800):  VMThread [stack: 0x00007f85ed7d9000,0x00007f85ed8da000] [id=17627]

Stack: [0x00007f85ed7d9000,0x00007f85ed8da000],  sp=0x00007f85ed8d8020,  free space=1020k
Native frames: (J=compiled Java code, j=interpreted, Vv=VM code, C=native code)
V  [libjvm.so+0xabc18a]  VMError::report_and_die()+0x2ba
V  [libjvm.so+0x4fafeb]  report_vm_out_of_memory(char const*, int, unsigned long, VMErrorType, char const*)+0x8b
V  [libjvm.so+0x91cbb3]  os::Linux::commit_memory_impl(char*, unsigned long, bool)+0x103
V  [libjvm.so+0x91d109]  os::pd_commit_memory(char*, unsigned long, unsigned long, bool)+0x29
V  [libjvm.so+0x91740a]  os::commit_memory(char*, unsigned long, unsigned long, bool)+0x2a
V  [libjvm.so+0x98b033]  PSVirtualSpace::expand_by(unsigned long)+0x53
V  [libjvm.so+0x98c438]  PSYoungGen::resize_generation(unsigned long, unsigned long)+0xf8
V  [libjvm.so+0x98b592]  PSYoungGen::resize(unsigned long, unsigned long)+0x22
V  [libjvm.so+0x98886b]  PSScavenge::invoke_no_policy()+0xf3b
V  [libjvm.so+0x988ff1]  PSScavenge::invoke()+0x41
V  [libjvm.so+0x9408b0]  ParallelScavengeHeap::failed_mem_allocate(unsigned long)+0x70
V  [libjvm.so+0xabdba7]  VM_ParallelGCFailedAllocation::doit()+0x97
V  [libjvm.so+0xac55d5]  VM_Operation::evaluate()+0x55
V  [libjvm.so+0xac39aa]  VMThread::evaluate_operation(VM_Operation*)+0xba
V  [libjvm.so+0xac3d2e]  VMThread::loop()+0x1ce
V  [libjvm.so+0xac41a0]  VMThread::run()+0x70
V  [libjvm.so+0x91ef78]  java_start(Thread*)+0x108

VM_Operation (0x00007f860774f4d0): ParallelGCFailedAllocation, mode: safepoint, requested by thread 0x00007f860000a000


---------------  P R O C E S S  ---------------

Java Threads: ( => current thread )
  0x00007f8600141800 JavaThread "pool-2-thread-4" [_thread_blocked, id=17640, stack(0x00007f85ec7c3000,0x00007f85ec8c4000)]
  0x00007f8600140000 JavaThread "pool-2-thread-3" [_thread_blocked, id=17639, stack(0x00007f85ec8c4000,0x00007f85ec9c5000)]
  0x00007f860013f000 JavaThread "pool-2-thread-2" [_thread_blocked, id=17638, stack(0x00007f85ec9c5000,0x00007f85ecac6000)]
  0x00007f860013d000 JavaThread "pool-3-thread-1" [_thread_blocked, id=17637, stack(0x00007f85ecac6000,0x00007f85ecbc7000)]
  0x00007f860013b000 JavaThread "pool-2-thread-1" [_thread_blocked, id=17636, stack(0x00007f85ecbc7000,0x00007f85eccc8000)]
  0x00007f86000c4000 JavaThread "Service Thread" daemon [_thread_blocked, id=17634, stack(0x00007f85ecdc9000,0x00007f85ececa000)]
  0x00007f86000b7800 JavaThread "C1 CompilerThread1" daemon [_thread_blocked, id=17632, stack(0x00007f85ececa000,0x00007f85ecfcb000)]
  0x00007f86000b4800 JavaThread "C2 CompilerThread0" daemon [_thread_blocked, id=17631, stack(0x00007f85ecfcb000,0x00007f85ed0cc000)]
  0x00007f86000b3000 JavaThread "Signal Dispatcher" daemon [_thread_blocked, id=17630, stack(0x00007f85ed0cc000,0x00007f85ed1cd000)]
  0x00007f8600080000 JavaThread "Finalizer" daemon [_thread_blocked, id=17629, stack(0x00007f85ed5d7000,0x00007f85ed6d8000)]
  0x00007f860007b800 JavaThread "Reference Handler" daemon [_thread_blocked, id=17628, stack(0x00007f85ed6d8000,0x00007f85ed7d9000)]
  0x00007f860000a000 JavaThread "main" [_thread_blocked, id=17622, stack(0x00007f8607651000,0x00007f8607752000)]

Other Threads:
=>0x00007f8600073800 VMThread [stack: 0x00007f85ed7d9000,0x00007f85ed8da000] [id=17627]
  0x00007f86000c7000 WatcherThread [stack: 0x00007f85eccc8000,0x00007f85ecdc9000] [id=17635]

VM state:at safepoint (normal execution)

VM Mutex/Monitor currently owned by a thread:  ([mutex/lock_event])
[0x00007f8600006530] Threads_lock - owner thread: 0x00007f8600073800
[0x00007f8600006a30] Heap_lock - owner thread: 0x00007f860000a000

Heap:
 PSYoungGen      total 132096K, used 5091K [0x00000000eab00000, 0x00000000f3100000, 0x0000000100000000)
  eden space 126976K, 0% used [0x00000000eab00000,0x00000000eab00000,0x00000000f2700000)
  from space 5120K, 99% used [0x00000000f2700000,0x00000000f2bf8e68,0x00000000f2c00000)
  to   space 5120K, 0% used [0x00000000f2c00000,0x00000000f2c00000,0x00000000f3100000)
 ParOldGen       total 84992K, used 41204K [0x00000000c0000000, 0x00000000c5300000, 0x00000000eab00000)
  object space 84992K, 48% used [0x00000000c0000000,0x00000000c283d118,0x00000000c5300000)
 Metaspace       used 6248K, capacity 7128K, committed 7424K, reserved 1056768K
  class space    used 613K, capacity 656K, committed 768K, reserved 1048576K

Card table byte_map: [0x00007f860420b000,0x00007f860440c000] byte_map_base: 0x00007f8603c0b000

Marking Bits: (ParMarkBitMap*) 0x00007f8606b29d60
 Begin Bits: [0x00007f85eedfe000, 0x00007f85efdfe000)
 End Bits:   [0x00007f85efdfe000, 0x00007f85f0dfe000)

Polling page: 0x00007f8607778000

CodeCache: size=245760Kb used=6654Kb max_used=6654Kb free=239105Kb
 bounds [0x00007f85f1000000, 0x00007f85f1690000, 0x00007f8600000000]
 total_blobs=1957 nmethods=1690 adapters=182
 compilation: enabled

Compilation events (10 events):
Event: 7,991 Thread 0x00007f86000b7800 nmethod 1941 0x00007f85f167e150 code [0x00007f85f167e2e0, 0x00007f85f167e738]
Event: 7,993 Thread 0x00007f86000b7800 1942       2       com.android.dx.ssa.back.IdenticalBlockCombiner::replaceSucc (83 bytes)
Event: 7,994 Thread 0x00007f86000b7800 nmethod 1942 0x00007f85f167d990 code [0x00007f85f167db40, 0x00007f85f167de78]
Event: 7,994 Thread 0x00007f86000b7800 1940       2       java.lang.String::<init> (15 bytes)
Event: 7,996 Thread 0x00007f86000b7800 nmethod 1940 0x00007f85f167d490 code [0x00007f85f167d600, 0x00007f85f167d888]
Event: 7,997 Thread 0x00007f86000b7800 1947       2       com.android.dx.ssa.PhiTypeResolver::resolveResultType (308 bytes)
Event: 8,003 Thread 0x00007f86000b7800 nmethod 1947 0x00007f85f16817d0 code [0x00007f85f1681ac0, 0x00007f85f1682918]
Event: 8,003 Thread 0x00007f86000b7800 1948       2       com.android.dx.ssa.back.FirstFitLocalCombiningAllocator$Multiset::getAndRemoveHighestCount (63 bytes)
Event: 8,003 Thread 0x00007f86000b7800 nmethod 1948 0x00007f85f1683950 code [0x00007f85f1683ac0, 0x00007f85f1683d10]
Event: 8,003 Thread 0x00007f86000b7800 1946       2       com.android.dx.ssa.PhiInsn::updateSourcesToDefinitions (68 bytes)

GC Heap History (9 events):
Event: 2,585 GC heap before
{Heap before GC invocations=1 (full 0):
 PSYoungGen      total 36864K, used 31744K [0x00000000eab00000, 0x00000000ed400000, 0x0000000100000000)
  eden space 31744K, 100% used [0x00000000eab00000,0x00000000eca00000,0x00000000eca00000)
  from space 5120K, 0% used [0x00000000ecf00000,0x00000000ecf00000,0x00000000ed400000)
  to   space 5120K, 0% used [0x00000000eca00000,0x00000000eca00000,0x00000000ecf00000)
 ParOldGen       total 84992K, used 0K [0x00000000c0000000, 0x00000000c5300000, 0x00000000eab00000)
  object space 84992K, 0% used [0x00000000c0000000,0x00000000c0000000,0x00000000c5300000)
 Metaspace       used 5736K, capacity 6704K, committed 6784K, reserved 1056768K
  class space    used 592K, capacity 616K, committed 640K, reserved 1048576K
Event: 2,669 GC heap after
Heap after GC invocations=1 (full 0):
 PSYoungGen      total 36864K, used 5112K [0x00000000eab00000, 0x00000000ef300000, 0x0000000100000000)
  eden space 31744K, 0% used [0x00000000eab00000,0x00000000eab00000,0x00000000eca00000)
  from space 5120K, 99% used [0x00000000eca00000,0x00000000ecefe0f0,0x00000000ecf00000)
  to   space 5120K, 0% used [0x00000000eee00000,0x00000000eee00000,0x00000000ef300000)
 ParOldGen       total 84992K, used 851K [0x00000000c0000000, 0x00000000c5300000, 0x00000000eab00000)
  object space 84992K, 1% used [0x00000000c0000000,0x00000000c00d4c18,0x00000000c5300000)
 Metaspace       used 5736K, capacity 6704K, committed 6784K, reserved 1056768K
  class space    used 592K, capacity 616K, committed 640K, reserved 1048576K
}
Event: 4,161 GC heap before
{Heap before GC invocations=2 (full 0):
 PSYoungGen      total 36864K, used 36856K [0x00000000eab00000, 0x00000000ef300000, 0x0000000100000000)
  eden space 31744K, 100% used [0x00000000eab00000,0x00000000eca00000,0x00000000eca00000)
  from space 5120K, 99% used [0x00000000eca00000,0x00000000ecefe0f0,0x00000000ecf00000)
  to   space 5120K, 0% used [0x00000000eee00000,0x00000000eee00000,0x00000000ef300000)
 ParOldGen       total 84992K, used 851K [0x00000000c0000000, 0x00000000c5300000, 0x00000000eab00000)
  object space 84992K, 1% used [0x00000000c0000000,0x00000000c00d4c18,0x00000000c5300000)
 Metaspace       used 5952K, capacity 6960K, committed 7040K, reserved 1056768K
  class space    used 593K, capacity 616K, committed 640K, reserved 1048576K
Event: 4,240 GC heap after
Heap after GC invocations=2 (full 0):
 PSYoungGen      total 68608K, used 5113K [0x00000000eab00000, 0x00000000ef300000, 0x0000000100000000)
  eden space 63488K, 0% used [0x00000000eab00000,0x00000000eab00000,0x00000000ee900000)
  from space 5120K, 99% used [0x00000000eee00000,0x00000000ef2fe510,0x00000000ef300000)
  to   space 5120K, 0% used [0x00000000ee900000,0x00000000ee900000,0x00000000eee00000)
 ParOldGen       total 84992K, used 4289K [0x00000000c0000000, 0x00000000c5300000, 0x00000000eab00000)
  object space 84992K, 5% used [0x00000000c0000000,0x00000000c0430478,0x00000000c5300000)
 Metaspace       used 5952K, capacity 6960K, committed 7040K, reserved 1056768K
  class space    used 593K, capacity 616K, committed 640K, reserved 1048576K
}
Event: 5,252 GC heap before
{Heap before GC invocations=3 (full 0):
 PSYoungGen      total 68608K, used 68601K [0x00000000eab00000, 0x00000000ef300000, 0x0000000100000000)
  eden space 63488K, 100% used [0x00000000eab00000,0x00000000ee900000,0x00000000ee900000)
  from space 5120K, 99% used [0x00000000eee00000,0x00000000ef2fe510,0x00000000ef300000)
  to   space 5120K, 0% used [0x00000000ee900000,0x00000000ee900000,0x00000000eee00000)
 ParOldGen       total 84992K, used 4289K [0x00000000c0000000, 0x00000000c5300000, 0x00000000eab00000)
  object space 84992K, 5% used [0x00000000c0000000,0x00000000c0430478,0x00000000c5300000)
 Metaspace       used 5964K, capacity 6960K, committed 7040K, reserved 1056768K
  class space    used 593K, capacity 616K, committed 640K, reserved 1048576K
Event: 5,377 GC heap after
Heap after GC invocations=3 (full 0):
 PSYoungGen      total 68608K, used 5098K [0x00000000eab00000, 0x00000000f3100000, 0x0000000100000000)
  eden space 63488K, 0% used [0x00000000eab00000,0x00000000eab00000,0x00000000ee900000)
  from space 5120K, 99% used [0x00000000ee900000,0x00000000eedfa8c0,0x00000000eee00000)
  to   space 5120K, 0% used [0x00000000f2c00000,0x00000000f2c00000,0x00000000f3100000)
 ParOldGen       total 84992K, used 13896K [0x00000000c0000000, 0x00000000c5300000, 0x00000000eab00000)
  object space 84992K, 16% used [0x00000000c0000000,0x00000000c0d92128,0x00000000c5300000)
 Metaspace       used 5964K, capacity 6960K, committed 7040K, reserved 1056768K
  class space    used 593K, capacity 616K, committed 640K, reserved 1048576K
}
Event: 6,269 GC heap before
{Heap before GC invocations=4 (full 0):
 PSYoungGen      total 68608K, used 68586K [0x00000000eab00000, 0x00000000f3100000, 0x0000000100000000)
  eden space 63488K, 100% used [0x00000000eab00000,0x00000000ee900000,0x00000000ee900000)
  from space 5120K, 99% used [0x00000000ee900000,0x00000000eedfa8c0,0x00000000eee00000)
  to   space 5120K, 0% used [0x00000000f2c00000,0x00000000f2c00000,0x00000000f3100000)
 ParOldGen       total 84992K, used 13896K [0x00000000c0000000, 0x00000000c5300000, 0x00000000eab00000)
  object space 84992K, 16% used [0x00000000c0000000,0x00000000c0d92128,0x00000000c5300000)
 Metaspace       used 6092K, capacity 7000K, committed 7168K, reserved 1056768K
  class space    used 613K, capacity 656K, committed 768K, reserved 1048576K
Event: 6,445 GC heap after
Heap after GC invocations=4 (full 0):
 PSYoungGen      total 132096K, used 5117K [0x00000000eab00000, 0x00000000f3100000, 0x0000000100000000)
  eden space 126976K, 0% used [0x00000000eab00000,0x00000000eab00000,0x00000000f2700000)
  from space 5120K, 99% used [0x00000000f2c00000,0x00000000f30ff638,0x00000000f3100000)
  to   space 5120K, 0% used [0x00000000f2700000,0x00000000f2700000,0x00000000f2c00000)
 ParOldGen       total 84992K, used 22393K [0x00000000c0000000, 0x00000000c5300000, 0x00000000eab00000)
  object space 84992K, 26% used [0x00000000c0000000,0x00000000c15de780,0x00000000c5300000)
 Metaspace       used 6092K, capacity 7000K, committed 7168K, reserved 1056768K
  class space    used 613K, capacity 656K, committed 768K, reserved 1048576K
}
Event: 8,025 GC heap before
{Heap before GC invocations=5 (full 0):
 PSYoungGen      total 132096K, used 132093K [0x00000000eab00000, 0x00000000f3100000, 0x0000000100000000)
  eden space 126976K, 100% used [0x00000000eab00000,0x00000000f2700000,0x00000000f2700000)
  from space 5120K, 99% used [0x00000000f2c00000,0x00000000f30ff638,0x00000000f3100000)
  to   space 5120K, 0% used [0x00000000f2700000,0x00000000f2700000,0x00000000f2c00000)
 ParOldGen       total 84992K, used 22393K [0x00000000c0000000, 0x00000000c5300000, 0x00000000eab00000)
  object space 84992K, 26% used [0x00000000c0000000,0x00000000c15de780,0x00000000c5300000)
 Metaspace       used 6248K, capacity 7128K, committed 7424K, reserved 1056768K
  class space    used 613K, capacity 656K, committed 768K, reserved 1048576K

Deoptimization events (10 events):
Event: 1,689 Thread 0x00007f860013f000 Uncommon trap: reason=unstable_if action=reinterpret pc=0x00007f85f1201334 method=java.util.HashMap.getNode(ILjava/lang/Object;)Ljava/util/HashMap$Node; @ 62
Event: 3,391 Thread 0x00007f860000a000 Uncommon trap: reason=unstable_if action=reinterpret pc=0x00007f85f12a381c method=com.android.dx.rop.cst.Constant.compareTo(Lcom/android/dx/rop/cst/Constant;)I @ 12
Event: 4,042 Thread 0x00007f8600141800 Uncommon trap: reason=null_check action=make_not_entrant pc=0x00007f85f12a8dc4 method=com.android.dx.ssa.SsaRenamer.getLocalForNewReg(I)Lcom/android/dx/rop/code/LocalItem; @ 19
Event: 4,138 Thread 0x00007f860000a000 Uncommon trap: reason=unstable_if action=reinterpret pc=0x00007f85f11c1a88 method=java.lang.String.<init>([CII)V @ 18
Event: 4,411 Thread 0x00007f860000a000 Uncommon trap: reason=unstable_if action=reinterpret pc=0x00007f85f11dda0c method=java.lang.String.<init>([CII)V @ 18
Event: 5,101 Thread 0x00007f8600140000 Uncommon trap: reason=unstable_if action=reinterpret pc=0x00007f85f13759fc method=com.android.dx.ssa.SsaMethod.updateOneDefinition(Lcom/android/dx/ssa/SsaInsn;Lcom/android/dx/rop/code/RegisterSpec;)V @ 4
Event: 6,169 Thread 0x00007f860000a000 Uncommon trap: reason=unstable_if action=reinterpret pc=0x00007f85f131b580 method=java.util.HashMap.putVal(ILjava/lang/Object;Ljava/lang/Object;ZZ)Ljava/lang/Object; @ 162
Event: 6,226 Thread 0x00007f860000a000 Uncommon trap: reason=unstable_if action=reinterpret pc=0x00007f85f1239c74 method=java.util.HashMap.getNode(ILjava/lang/Object;)Ljava/util/HashMap$Node; @ 84
Event: 6,610 Thread 0x00007f8600140000 Uncommon trap: reason=unstable_if action=reinterpret pc=0x00007f85f1514970 method=java.util.HashMap.putVal(ILjava/lang/Object;Ljava/lang/Object;ZZ)Ljava/lang/Object; @ 162
Event: 7,387 Thread 0x00007f860013b000 Uncommon trap: reason=unstable_if action=reinterpret pc=0x00007f85f146e0c8 method=com.android.dx.dex.code.OutputFinisher.hasLocalInfo(Lcom/android/dx/dex/code/DalvInsn;)Z @ 24

Internal exceptions (6 events):
Event: 0,107 Thread 0x00007f860000a000 Exception <a 'java/lang/NoSuchMethodError': Method sun.misc.Unsafe.defineClass(Ljava/lang/String;[BII)Ljava/lang/Class; name or signature does not match> (0x00000000eab07cc0) thrown at [/HUDSON/workspace/8-2-build-linux-amd64/jdk8u91/6644/hotspot/src/shar
Event: 0,108 Thread 0x00007f860000a000 Exception <a 'java/lang/NoSuchMethodError': Method sun.misc.Unsafe.prefetchRead(Ljava/lang/Object;J)V name or signature does not match> (0x00000000eab07fa8) thrown at [/HUDSON/workspace/8-2-build-linux-amd64/jdk8u91/6644/hotspot/src/share/vm/prims/jni.cpp
Event: 4,042 Thread 0x00007f8600141800 Implicit null exception at 0x00007f85f12a5ea8 to 0x00007f85f12a8d81
Event: 6,171 Thread 0x00007f860000a000 Exception <a 'java/lang/ArrayIndexOutOfBoundsException': 18> (0x00000000ee0d1630) thrown at [/HUDSON/workspace/8-2-build-linux-amd64/jdk8u91/6644/hotspot/src/share/vm/interpreter/interpreterRuntime.cpp, line 366]
Event: 6,171 Thread 0x00007f860000a000 Exception <a 'java/lang/ArrayIndexOutOfBoundsException': 145> (0x00000000ee0d31b0) thrown at [/HUDSON/workspace/8-2-build-linux-amd64/jdk8u91/6644/hotspot/src/share/vm/interpreter/interpreterRuntime.cpp, line 366]
Event: 6,182 Thread 0x00007f860000a000 Exception <a 'java/lang/ArrayIndexOutOfBoundsException': 40> (0x00000000ee0d4498) thrown at [/HUDSON/workspace/8-2-build-linux-amd64/jdk8u91/6644/hotspot/src/share/vm/interpreter/interpreterRuntime.cpp, line 366]

Events (10 events):
Event: 6,728 Thread 0x00007f8600140000 DEOPT PACKING pc=0x00007f85f13c6f77 sp=0x00007f85ec9c3050
Event: 6,728 Thread 0x00007f8600140000 DEOPT UNPACKING pc=0x00007f85f1047233 sp=0x00007f85ec9c2df8 mode 0
Event: 7,139 Thread 0x00007f860013f000 DEOPT PACKING pc=0x00007f85f1339865 sp=0x00007f85ecac41e0
Event: 7,139 Thread 0x00007f860013f000 DEOPT UNPACKING pc=0x00007f85f1047233 sp=0x00007f85ecac3f68 mode 0
Event: 7,387 Thread 0x00007f860013b000 Uncommon trap: trap_request=0xffffff65 fr.pc=0x00007f85f146e0c8
Event: 7,387 Thread 0x00007f860013b000 DEOPT PACKING pc=0x00007f85f146e0c8 sp=0x00007f85eccc5ec0
Event: 7,387 Thread 0x00007f860013b000 DEOPT UNPACKING pc=0x00007f85f1005229 sp=0x00007f85eccc5df8 mode 2
Event: 7,853 Thread 0x00007f8600140000 DEOPT PACKING pc=0x00007f85f13bbfd7 sp=0x00007f85ec9c2e30
Event: 7,853 Thread 0x00007f8600140000 DEOPT UNPACKING pc=0x00007f85f1047233 sp=0x00007f85ec9c2c10 mode 0
Event: 8,010 Executing VM operation: ParallelGCFailedAllocation


Dynamic libraries:
00400000-00401000 r-xp 00000000 08:01 662437                             /usr/lib/jvm/java-8-oracle/bin/java
00600000-00601000 rw-p 00000000 08:01 662437                             /usr/lib/jvm/java-8-oracle/bin/java
01f4e000-01f91000 rw-p 00000000 00:00 0                                  [heap]
c0000000-c5300000 rw-p 00000000 00:00 0 
c5300000-eab00000 ---p 00000000 00:00 0 
eab00000-f3100000 rw-p 00000000 00:00 0 
fd500000-100000000 ---p 00000000 00:00 0 
100000000-1000c0000 rw-p 00000000 00:00 0 
1000c0000-140000000 ---p 00000000 00:00 0 
7f85b0000000-7f85b0021000 rw-p 00000000 00:00 0 
7f85b0021000-7f85b4000000 ---p 00000000 00:00 0 
7f85b8000000-7f85b8021000 rw-p 00000000 00:00 0 
7f85b8021000-7f85bc000000 ---p 00000000 00:00 0 
7f85bc000000-7f85bc029000 rw-p 00000000 00:00 0 
7f85bc029000-7f85c0000000 ---p 00000000 00:00 0 
7f85c0000000-7f85c0021000 rw-p 00000000 00:00 0 
7f85c0021000-7f85c4000000 ---p 00000000 00:00 0 
7f85c4000000-7f85c4021000 rw-p 00000000 00:00 0 
7f85c4021000-7f85c8000000 ---p 00000000 00:00 0 
7f85c8000000-7f85c8613000 rw-p 00000000 00:00 0 
7f85c8613000-7f85cc000000 ---p 00000000 00:00 0 
7f85cc000000-7f85cc021000 rw-p 00000000 00:00 0 
7f85cc021000-7f85d0000000 ---p 00000000 00:00 0 
7f85d0000000-7f85d0021000 rw-p 00000000 00:00 0 
7f85d0021000-7f85d4000000 ---p 00000000 00:00 0 
7f85d4000000-7f85d45e6000 rw-p 00000000 00:00 0 
7f85d45e6000-7f85d8000000 ---p 00000000 00:00 0 
7f85d8000000-7f85d8021000 rw-p 00000000 00:00 0 
7f85d8021000-7f85dc000000 ---p 00000000 00:00 0 
7f85dc000000-7f85dc021000 rw-p 00000000 00:00 0 
7f85dc021000-7f85e0000000 ---p 00000000 00:00 0 
7f85e0000000-7f85e0021000 rw-p 00000000 00:00 0 
7f85e0021000-7f85e4000000 ---p 00000000 00:00 0 
7f85e4000000-7f85e4298000 rw-p 00000000 00:00 0 
7f85e4298000-7f85e8000000 ---p 00000000 00:00 0 
7f85e8000000-7f85e8021000 rw-p 00000000 00:00 0 
7f85e8021000-7f85ec000000 ---p 00000000 00:00 0 
7f85ec78d000-7f85ec794000 r--s 00000000 08:01 921131                     /usr/lib/x86_64-linux-gnu/gconv/gconv-modules.cache
7f85ec794000-7f85ec7c3000 r--p 00000000 08:01 1578473                    /usr/share/locale-langpack/ru/LC_MESSAGES/libc.mo
7f85ec7c3000-7f85ec7c6000 ---p 00000000 00:00 0 
7f85ec7c6000-7f85ec8c4000 rw-p 00000000 00:00 0 
7f85ec8c4000-7f85ec8c7000 ---p 00000000 00:00 0 
7f85ec8c7000-7f85ec9c5000 rw-p 00000000 00:00 0 
7f85ec9c5000-7f85ec9c8000 ---p 00000000 00:00 0 
7f85ec9c8000-7f85ecac6000 rw-p 00000000 00:00 0 
7f85ecac6000-7f85ecac9000 ---p 00000000 00:00 0 
7f85ecac9000-7f85ecbc7000 rw-p 00000000 00:00 0 
7f85ecbc7000-7f85ecbca000 ---p 00000000 00:00 0 
7f85ecbca000-7f85eccc8000 rw-p 00000000 00:00 0 
7f85eccc8000-7f85eccc9000 ---p 00000000 00:00 0 
7f85eccc9000-7f85ecdc9000 rw-p 00000000 00:00 0 
7f85ecdc9000-7f85ecdcc000 ---p 00000000 00:00 0 
7f85ecdcc000-7f85ececa000 rw-p 00000000 00:00 0 
7f85ececa000-7f85ececd000 ---p 00000000 00:00 0 
7f85ececd000-7f85ecfcb000 rw-p 00000000 00:00 0 
7f85ecfcb000-7f85ecfce000 ---p 00000000 00:00 0 
7f85ecfce000-7f85ed0cc000 rw-p 00000000 00:00 0 
7f85ed0cc000-7f85ed0cf000 ---p 00000000 00:00 0 
7f85ed0cf000-7f85ed1cd000 rw-p 00000000 00:00 0 
7f85ed1cd000-7f85ed5d7000 r--p 00000000 08:01 531671                     /usr/lib/locale/locale-archive
7f85ed5d7000-7f85ed5da000 ---p 00000000 00:00 0 
7f85ed5da000-7f85ed6d8000 rw-p 00000000 00:00 0 
7f85ed6d8000-7f85ed6db000 ---p 00000000 00:00 0 
7f85ed6db000-7f85ed7d9000 rw-p 00000000 00:00 0 
7f85ed7d9000-7f85ed7da000 ---p 00000000 00:00 0 
7f85ed7da000-7f85ee225000 rw-p 00000000 00:00 0 
7f85ee225000-7f85ee3fe000 r--s 03d1f000 08:01 1186292                    /usr/lib/jvm/java-8-oracle/jre/lib/rt.jar
7f85ee3fe000-7f85eea7e000 rw-p 00000000 00:00 0 
7f85eea7e000-7f85eebfe000 ---p 00000000 00:00 0 
7f85eebfe000-7f85f0dfe000 rw-p 00000000 00:00 0 
7f85f0dfe000-7f85f0dff000 ---p 00000000 00:00 0 
7f85f0dff000-7f85f0eff000 rw-p 00000000 00:00 0 
7f85f0eff000-7f85f0f00000 ---p 00000000 00:00 0 
7f85f0f00000-7f85f1000000 rw-p 00000000 00:00 0 
7f85f1000000-7f85f1690000 rwxp 00000000 00:00 0 
7f85f1690000-7f8600000000 ---p 00000000 00:00 0 
7f8600000000-7f8600392000 rw-p 00000000 00:00 0 
7f8600392000-7f8604000000 ---p 00000000 00:00 0 
7f8604006000-7f8604010000 r--s 00097000 08:01 5770995                    /home/nikolay/AndroidStudioProjects/MyCash/app/build/intermediates/exploded-aar/com.android.support/appcompat-v7/24.1.1/jars/classes.jar
7f8604010000-7f860401e000 r--s 000e0000 08:01 3682042                    /home/nikolay/Android/Sdk/build-tools/24.0.1/lib/dx.jar
7f860401e000-7f86040df000 rw-p 00000000 00:00 0 
7f86040df000-7f860420b000 ---p 00000000 00:00 0 
7f860420b000-7f8604235000 rw-p 00000000 00:00 0 
7f8604235000-7f8604360000 ---p 00000000 00:00 0 
7f8604360000-7f86043a4000 rw-p 00000000 00:00 0 
7f86043a4000-7f860440b000 ---p 00000000 00:00 0 
7f860440b000-7f8604427000 rw-p 00000000 00:00 0 
7f8604427000-7f86047cc000 ---p 00000000 00:00 0 
7f86047cc000-7f86047e6000 r-xp 00000000 08:01 1322262                    /usr/lib/jvm/java-8-oracle/jre/lib/amd64/libzip.so
7f86047e6000-7f86049e6000 ---p 0001a000 08:01 1322262                    /usr/lib/jvm/java-8-oracle/jre/lib/amd64/libzip.so
7f86049e6000-7f86049e7000 rw-p 0001a000 08:01 1322262                    /usr/lib/jvm/java-8-oracle/jre/lib/amd64/libzip.so
7f86049e7000-7f86049f2000 r-xp 00000000 08:01 1053513                    /lib/x86_64-linux-gnu/libnss_files-2.23.so
7f86049f2000-7f8604bf1000 ---p 0000b000 08:01 1053513                    /lib/x86_64-linux-gnu/libnss_files-2.23.so
7f8604bf1000-7f8604bf2000 r--p 0000a000 08:01 1053513                    /lib/x86_64-linux-gnu/libnss_files-2.23.so
7f8604bf2000-7f8604bf3000 rw-p 0000b000 08:01 1053513                    /lib/x86_64-linux-gnu/libnss_files-2.23.so
7f8604bf3000-7f8604bf9000 rw-p 00000000 00:00 0 
7f8604bf9000-7f8604c04000 r-xp 00000000 08:01 1053523                    /lib/x86_64-linux-gnu/libnss_nis-2.23.so
7f8604c04000-7f8604e03000 ---p 0000b000 08:01 1053523                    /lib/x86_64-linux-gnu/libnss_nis-2.23.so
7f8604e03000-7f8604e04000 r--p 0000a000 08:01 1053523                    /lib/x86_64-linux-gnu/libnss_nis-2.23.so
7f8604e04000-7f8604e05000 rw-p 0000b000 08:01 1053523                    /lib/x86_64-linux-gnu/libnss_nis-2.23.so
7f8604e05000-7f8604e1b000 r-xp 00000000 08:01 1053507                    /lib/x86_64-linux-gnu/libnsl-2.23.so
7f8604e1b000-7f860501a000 ---p 00016000 08:01 1053507                    /lib/x86_64-linux-gnu/libnsl-2.23.so
7f860501a000-7f860501b000 r--p 00015000 08:01 1053507                    /lib/x86_64-linux-gnu/libnsl-2.23.so
7f860501b000-7f860501c000 rw-p 00016000 08:01 1053507                    /lib/x86_64-linux-gnu/libnsl-2.23.so
7f860501c000-7f860501e000 rw-p 00000000 00:00 0 
7f860501e000-7f8605026000 r-xp 00000000 08:01 1053509                    /lib/x86_64-linux-gnu/libnss_compat-2.23.so
7f8605026000-7f8605225000 ---p 00008000 08:01 1053509                    /lib/x86_64-linux-gnu/libnss_compat-2.23.so
7f8605225000-7f8605226000 r--p 00007000 08:01 1053509                    /lib/x86_64-linux-gnu/libnss_compat-2.23.so
7f8605226000-7f8605227000 rw-p 00008000 08:01 1053509                    /lib/x86_64-linux-gnu/libnss_compat-2.23.so
7f8605227000-7f8605251000 r-xp 00000000 08:01 1322257                    /usr/lib/jvm/java-8-oracle/jre/lib/amd64/libjava.so
7f8605251000-7f8605451000 ---p 0002a000 08:01 1322257                    /usr/lib/jvm/java-8-oracle/jre/lib/amd64/libjava.so
7f8605451000-7f8605453000 rw-p 0002a000 08:01 1322257                    /usr/lib/jvm/java-8-oracle/jre/lib/amd64/libjava.so
7f8605453000-7f8605460000 r-xp 00000000 08:01 1322261                    /usr/lib/jvm/java-8-oracle/jre/lib/amd64/libverify.so
7f8605460000-7f8605660000 ---p 0000d000 08:01 1322261                    /usr/lib/jvm/java-8-oracle/jre/lib/amd64/libverify.so
7f8605660000-7f8605662000 rw-p 0000d000 08:01 1322261                    /usr/lib/jvm/java-8-oracle/jre/lib/amd64/libverify.so
7f8605662000-7f8605669000 r-xp 00000000 08:01 1053568                    /lib/x86_64-linux-gnu/librt-2.23.so
7f8605669000-7f8605868000 ---p 00007000 08:01 1053568                    /lib/x86_64-linux-gnu/librt-2.23.so
7f8605868000-7f8605869000 r--p 00006000 08:01 1053568                    /lib/x86_64-linux-gnu/librt-2.23.so
7f8605869000-7f860586a000 rw-p 00007000 08:01 1053568                    /lib/x86_64-linux-gnu/librt-2.23.so
7f860586a000-7f8605972000 r-xp 00000000 08:01 1053484                    /lib/x86_64-linux-gnu/libm-2.23.so
7f8605972000-7f8605b71000 ---p 00108000 08:01 1053484                    /lib/x86_64-linux-gnu/libm-2.23.so
7f8605b71000-7f8605b72000 r--p 00107000 08:01 1053484                    /lib/x86_64-linux-gnu/libm-2.23.so
7f8605b72000-7f8605b73000 rw-p 00108000 08:01 1053484                    /lib/x86_64-linux-gnu/libm-2.23.so
7f8605b73000-7f8606833000 r-xp 00000000 08:01 1322284                    /usr/lib/jvm/java-8-oracle/jre/lib/amd64/server/libjvm.so
7f8606833000-7f8606a33000 ---p 00cc0000 08:01 1322284                    /usr/lib/jvm/java-8-oracle/jre/lib/amd64/server/libjvm.so
7f8606a33000-7f8606b0b000 rw-p 00cc0000 08:01 1322284                    /usr/lib/jvm/java-8-oracle/jre/lib/amd64/server/libjvm.so
7f8606b0b000-7f8606b56000 rw-p 00000000 00:00 0 
7f8606b56000-7f8606d16000 r-xp 00000000 08:01 1053414                    /lib/x86_64-linux-gnu/libc-2.23.so
7f8606d16000-7f8606f15000 ---p 001c0000 08:01 1053414                    /lib/x86_64-linux-gnu/libc-2.23.so
7f8606f15000-7f8606f19000 r--p 001bf000 08:01 1053414                    /lib/x86_64-linux-gnu/libc-2.23.so
7f8606f19000-7f8606f1b000 rw-p 001c3000 08:01 1053414                    /lib/x86_64-linux-gnu/libc-2.23.so
7f8606f1b000-7f8606f1f000 rw-p 00000000 00:00 0 
7f8606f1f000-7f8606f22000 r-xp 00000000 08:01 1053438                    /lib/x86_64-linux-gnu/libdl-2.23.so
7f8606f22000-7f8607121000 ---p 00003000 08:01 1053438                    /lib/x86_64-linux-gnu/libdl-2.23.so
7f8607121000-7f8607122000 r--p 00002000 08:01 1053438                    /lib/x86_64-linux-gnu/libdl-2.23.so
7f8607122000-7f8607123000 rw-p 00003000 08:01 1053438                    /lib/x86_64-linux-gnu/libdl-2.23.so
7f8607123000-7f8607138000 r-xp 00000000 08:01 796593                     /usr/lib/jvm/java-8-oracle/lib/amd64/jli/libjli.so
7f8607138000-7f8607338000 ---p 00015000 08:01 796593                     /usr/lib/jvm/java-8-oracle/lib/amd64/jli/libjli.so
7f8607338000-7f8607339000 rw-p 00015000 08:01 796593                     /usr/lib/jvm/java-8-oracle/lib/amd64/jli/libjli.so
7f8607339000-7f8607351000 r-xp 00000000 08:01 1053560                    /lib/x86_64-linux-gnu/libpthread-2.23.so
7f8607351000-7f8607550000 ---p 00018000 08:01 1053560                    /lib/x86_64-linux-gnu/libpthread-2.23.so
7f8607550000-7f8607551000 r--p 00017000 08:01 1053560                    /lib/x86_64-linux-gnu/libpthread-2.23.so
7f8607551000-7f8607552000 rw-p 00018000 08:01 1053560                    /lib/x86_64-linux-gnu/libpthread-2.23.so
7f8607552000-7f8607556000 rw-p 00000000 00:00 0 
7f8607556000-7f860757c000 r-xp 00000000 08:01 1053386                    /lib/x86_64-linux-gnu/ld-2.23.so
7f860757f000-7f8607651000 rw-p 00000000 00:00 0 
7f8607651000-7f8607654000 ---p 00000000 00:00 0 
7f8607654000-7f8607756000 rw-p 00000000 00:00 0 
7f860775b000-7f860776f000 rw-p 00000000 00:00 0 
7f860776f000-7f8607777000 rw-s 00000000 08:01 6424580                    /tmp/hsperfdata_nikolay/17620
7f8607777000-7f8607778000 rw-p 00000000 00:00 0 
7f8607778000-7f8607779000 ---p 00000000 00:00 0 
7f8607779000-7f860777b000 rw-p 00000000 00:00 0 
7f860777b000-7f860777c000 r--p 00025000 08:01 1053386                    /lib/x86_64-linux-gnu/ld-2.23.so
7f860777c000-7f860777d000 rw-p 00026000 08:01 1053386                    /lib/x86_64-linux-gnu/ld-2.23.so
7f860777d000-7f860777e000 rw-p 00000000 00:00 0 
7ffd1a0d8000-7ffd1a0f9000 rw-p 00000000 00:00 0                          [stack]
7ffd1a188000-7ffd1a18a000 r--p 00000000 00:00 0                          [vvar]
7ffd1a18a000-7ffd1a18c000 r-xp 00000000 00:00 0                          [vdso]
ffffffffff600000-ffffffffff601000 r-xp 00000000 00:00 0                  [vsyscall]

VM Arguments:
jvm_args: -Djava.awt.headless=true -Xmx1024M -Dfile.encoding=UTF-8 -Duser.country=UA -Duser.language=ru -Duser.variant 
java_command: com.android.dx.command.Main --dex --force-jumbo --num-threads=4 --multi-dex --output /home/nikolay/AndroidStudioProjects/MyCash/app/build/intermediates/transforms/dex/debug/folders/1000/10/com.android.support-appcompat-v7-24.1.1_1f82ca1d6db027eb736981b32f3e3fc7302c1b6a /home/nikolay/AndroidStudioProjects/MyCash/app/build/intermediates/exploded-aar/com.android.support/appcompat-v7/24.1.1/jars/classes.jar
java_class_path (initial): /home/nikolay/Android/Sdk/build-tools/24.0.1/lib/dx.jar
Launcher Type: SUN_STANDARD

Environment Variables:
PATH=/usr/local/sbin:/usr/local/bin:/usr/sbin:/usr/bin:/sbin:/bin:/usr/games:/usr/local/games
USERNAME=nikolay
LD_LIBRARY_PATH=/opt/android-studio/bin:
SHELL=/bin/bash
DISPLAY=:0

Signal Handlers:
SIGSEGV: [libjvm.so+0xabca10], sa_mask[0]=11111111011111111101111111111110, sa_flags=SA_RESTART|SA_SIGINFO
SIGBUS: [libjvm.so+0xabca10], sa_mask[0]=11111111011111111101111111111110, sa_flags=SA_RESTART|SA_SIGINFO
SIGFPE: [libjvm.so+0x919a20], sa_mask[0]=11111111011111111101111111111110, sa_flags=SA_RESTART|SA_SIGINFO
SIGPIPE: [libjvm.so+0x919a20], sa_mask[0]=11111111011111111101111111111110, sa_flags=SA_RESTART|SA_SIGINFO
SIGXFSZ: [libjvm.so+0x919a20], sa_mask[0]=11111111011111111101111111111110, sa_flags=SA_RESTART|SA_SIGINFO
SIGILL: [libjvm.so+0x919a20], sa_mask[0]=11111111011111111101111111111110, sa_flags=SA_RESTART|SA_SIGINFO
SIGUSR1: SIG_DFL, sa_mask[0]=00000000000000000000000000000000, sa_flags=none
SIGUSR2: [libjvm.so+0x91b050], sa_mask[0]=00100000000000000000000000000000, sa_flags=SA_RESTART|SA_SIGINFO
SIGHUP: [libjvm.so+0x91c450], sa_mask[0]=11111111011111111101111111111110, sa_flags=SA_RESTART|SA_SIGINFO
SIGINT: [libjvm.so+0x91c450], sa_mask[0]=11111111011111111101111111111110, sa_flags=SA_RESTART|SA_SIGINFO
SIGTERM: [libjvm.so+0x91c450], sa_mask[0]=11111111011111111101111111111110, sa_flags=SA_RESTART|SA_SIGINFO
SIGQUIT: [libjvm.so+0x91c450], sa_mask[0]=11111111011111111101111111111110, sa_flags=SA_RESTART|SA_SIGINFO


---------------  S Y S T E M  ---------------

OS:DISTRIB_ID=LinuxMint
DISTRIB_RELEASE=18
DISTRIB_CODENAME=sarah
DISTRIB_DESCRIPTION="Linux Mint 18 Sarah"

uname:Linux 4.4.0-31-generic #50-Ubuntu SMP Wed Jul 13 00:07:12 UTC 2016 x86_64
libc:glibc 2.23 NPTL 2.23 
rlimit: STACK 8192k, CORE 0k, NPROC 31248, NOFILE 65536, AS infinity
load average:4,22 2,02 1,44

/proc/meminfo:
MemTotal:        8040780 kB
MemFree:          149768 kB
MemAvailable:      56120 kB
Buffers:             840 kB
Cached:           772628 kB
SwapCached:            0 kB
Active:          7008368 kB
Inactive:         653600 kB
Active(anon):    6996232 kB
Inactive(anon):   627144 kB
Active(file):      12136 kB
Inactive(file):    26456 kB
Unevictable:         184 kB
Mlocked:             184 kB
SwapTotal:             0 kB
SwapFree:              0 kB
Dirty:               396 kB
Writeback:            24 kB
AnonPages:       6888880 kB
Mapped:           303784 kB
Shmem:            734680 kB
Slab:              88360 kB
SReclaimable:      48088 kB
SUnreclaim:        40272 kB
KernelStack:       12192 kB
PageTables:        51792 kB
NFS_Unstable:          0 kB
Bounce:                0 kB
WritebackTmp:          0 kB
CommitLimit:     4020388 kB
Committed_AS:   13273868 kB
VmallocTotal:   34359738367 kB
VmallocUsed:           0 kB
VmallocChunk:          0 kB
HardwareCorrupted:     0 kB
AnonHugePages:   4616192 kB
CmaTotal:              0 kB
CmaFree:               0 kB
HugePages_Total:       0
HugePages_Free:        0
HugePages_Rsvd:        0
HugePages_Surp:        0
Hugepagesize:       2048 kB
DirectMap4k:      158968 kB
DirectMap2M:     8095744 kB


CPU:total 2 (2 cores per cpu, 1 threads per core) family 6 model 58 stepping 9, cmov, cx8, fxsr, mmx, sse, sse2, sse3, ssse3, sse4.1, sse4.2, popcnt, clmul, erms, tsc, tscinvbit, tscinv

/proc/cpuinfo:
processor	: 0
vendor_id	: GenuineIntel
cpu family	: 6
model		: 58
model name	: Intel(R) Pentium(R) CPU 2020M @ 2.40GHz
stepping	: 9
microcode	: 0x1c
cpu MHz		: 2399.906
cache size	: 2048 KB
physical id	: 0
siblings	: 2
core id		: 0
cpu cores	: 2
apicid		: 0
initial apicid	: 0
fpu		: yes
fpu_exception	: yes
cpuid level	: 13
wp		: yes
flags		: fpu vme de pse tsc msr pae mce cx8 apic sep mtrr pge mca cmov pat pse36 clflush dts acpi mmx fxsr sse sse2 ss ht tm pbe syscall nx rdtscp lm constant_tsc arch_perfmon pebs bts rep_good nopl xtopology nonstop_tsc aperfmperf eagerfpu pni pclmulqdq dtes64 monitor ds_cpl vmx est tm2 ssse3 cx16 xtpr pdcm pcid sse4_1 sse4_2 x2apic popcnt tsc_deadline_timer xsave lahf_lm epb tpr_shadow vnmi flexpriority ept vpid fsgsbase smep erms xsaveopt dtherm arat pln pts
bugs		:
bogomips	: 4789.33
clflush size	: 64
cache_alignment	: 64
address sizes	: 36 bits physical, 48 bits virtual
power management:

processor	: 1
vendor_id	: GenuineIntel
cpu family	: 6
model		: 58
model name	: Intel(R) Pentium(R) CPU 2020M @ 2.40GHz
stepping	: 9
microcode	: 0x1c
cpu MHz		: 2400.000
cache size	: 2048 KB
physical id	: 0
siblings	: 2
core id		: 1
cpu cores	: 2
apicid		: 2
initial apicid	: 2
fpu		: yes
fpu_exception	: yes
cpuid level	: 13
wp		: yes
flags		: fpu vme de pse tsc msr pae mce cx8 apic sep mtrr pge mca cmov pat pse36 clflush dts acpi mmx fxsr sse sse2 ss ht tm pbe syscall nx rdtscp lm constant_tsc arch_perfmon pebs bts rep_good nopl xtopology nonstop_tsc aperfmperf eagerfpu pni pclmulqdq dtes64 monitor ds_cpl vmx est tm2 ssse3 cx16 xtpr pdcm pcid sse4_1 sse4_2 x2apic popcnt tsc_deadline_timer xsave lahf_lm epb tpr_shadow vnmi flexpriority ept vpid fsgsbase smep erms xsaveopt dtherm arat pln pts
bugs		:
bogomips	: 4789.33
clflush size	: 64
cache_alignment	: 64
address sizes	: 36 bits physical, 48 bits virtual
power management:



Memory: 4k page, physical 8040780k(149768k free), swap 0k(0k free)

vm_info: Java HotSpot(TM) 64-Bit Server VM (25.91-b14) for linux-amd64 JRE (1.8.0_91-b14), built on Apr  1 2016 00:57:21 by "java_re" with gcc 4.3.0 20080428 (Red Hat 4.3.0-8)

time: Mon Aug  8 10:16:51 2016
elapsed time: 8 seconds (0d 0h 0m 8s)

